<?xml version="1.0" encoding="UTF-8" ?>
<testsuites>
  <testsuite errors="1" failures="0" hostname="HPZ" id="0" name="TestShape" package="fr.isen.tetris" skipped="0" tests="1" time="0.048" timestamp="2021-10-04T08:56:56">
      <properties>
[...]
</properties>

      <testcase classname="fr.isen.tetris.TestShape" name="initializationError" time="0.011">
          <error message="org/hamcrest/SelfDescribing" type="java.lang.NoClassDefFoundError">java.lang.NoClassDefFoundError: org/hamcrest/SelfDescribing
	at java.lang.ClassLoader.defineClass1(Native Method)
	at java.lang.ClassLoader.defineClass(ClassLoader.java:756)
	at java.lang.ClassLoader.loadClass(ClassLoader.java:351)
	at java.lang.reflect.Constructor.newInstance(Constructor.java:423)
	at com.intellij.rt.ant.execution.AntMain2.main(AntMain2.java:31)
Caused by: java.lang.ClassNotFoundException: org.hamcrest.SelfDescribing
	at java.lang.ClassLoader.loadClass(ClassLoader.java:351)
</error>

      </testcase>

      <system-out><![CDATA[]]></system-out>

      <system-err><![CDATA[]]></system-err>

  </testsuite>
</testsuites>
